<?xml version="1.0" encoding="UTF-8"?>
<testsuite xmlns:xsi="http://www.w3.org/2001/XMLSchema-instance" xsi:noNamespaceSchemaLocation="https://maven.apache.org/surefire/maven-surefire-plugin/xsd/surefire-test-report.xsd" name="Controllers.SignUpControllerTest" time="3.723" tests="2" errors="0" skipped="0" failures="0">
  <properties>
[...]
</properties>
  <testcase name="testRegistertrue" classname="Controllers.SignUpControllerTest" time="1.948"/>
  <testcase name="testRegisterfalse" classname="Controllers.SignUpControllerTest" time="1.769"/>
</testsuite>